INFO:root:Setting up input stream...
INFO:root:Input feed successfully setup...
INFO:root:Loading Face Detection Engine...
INFO:root:Checking for unsupported layers..
INFO:root:All layers of the model are supported
INFO:root:Inference Engine loaded successfully
INFO:root:Face Detection Model loaded in 287.673 ms
INFO:root:Loading Landmark Detection Engine...
INFO:root:Checking for unsupported layers..
INFO:root:All layers of the model are supported
INFO:root:Inference Engine loaded successfully
INFO:root:Facial Landmark Detection Model loaded in 558.811 ms
INFO:root:Loading Head Pose Estimation Engine...
INFO:root:Checking for unsupported layers..
INFO:root:All layers of the model are supported
INFO:root:Inference Engine loaded successfully
INFO:root:HeadPose Estimation Model loaded in 375.702 ms
INFO:root:Loading Gaze Estimation Model Engine...
INFO:root:Checking for unsupported layers..
INFO:root:All layers of the model are supported
INFO:root:Inference Engine loaded successfully
INFO:root:Gaze Estimation Model loaded in 455.502 ms
INFO:root:All models loaded successfully...
INFO:root:Input feed loaded successfully...
INFO:root:Starting inferencing...
INFO:root:analyzing frame 1 ...
INFO:root:frame_1 analysis complete...
INFO:root:Moving mouse to x: 0.5069315018674643 y: 0.12824275535148033
INFO:root:analyzing frame 2 ...
INFO:root:frame_2 analysis complete...
INFO:root:Moving mouse to x: 0.5879662375859366 y: 0.07935546639880187
INFO:root:analyzing frame 3 ...
INFO:root:frame_3 analysis complete...
INFO:root:Moving mouse to x: 0.6400481881644327 y: 0.07925602562811666
INFO:root:analyzing frame 4 ...
INFO:root:frame_4 analysis complete...
INFO:root:Moving mouse to x: 0.6694380478424509 y: 0.10512464178384216
INFO:root:analyzing frame 5 ...
INFO:root:frame_5 analysis complete...
INFO:root:Moving mouse to x: 0.27739553458530897 y: 0.1892550387846878
INFO:root:analyzing frame 6 ...
INFO:root:frame_6 analysis complete...
INFO:root:Moving mouse to x: 0.08840467614160526 y: 0.1444123375229383
INFO:root:analyzing frame 7 ...
INFO:root:frame_7 analysis complete...
INFO:root:Moving mouse to x: -0.20544353892828915 y: 0.06373754629441328
INFO:root:analyzing frame 8 ...
INFO:root:frame_8 analysis complete...
INFO:root:Moving mouse to x: -0.019803009419976408 y: -0.36993014299216476
INFO:root:analyzing frame 9 ...
INFO:root:frame_9 analysis complete...
INFO:root:Moving mouse to x: -0.08468557197487582 y: -0.3916601150970275
INFO:root:analyzing frame 10 ...
INFO:root:frame_10 analysis complete...
INFO:root:Moving mouse to x: -0.2388197222328935 y: -0.3505473900588507
INFO:root:analyzing frame 11 ...
INFO:root:frame_11 analysis complete...
INFO:root:Moving mouse to x: -0.20032204458318106 y: -0.3857925243184553
INFO:root:analyzing frame 12 ...
INFO:root:frame_12 analysis complete...
INFO:root:Moving mouse to x: -0.1491341492855386 y: -0.3423678710235033
INFO:root:analyzing frame 13 ...
INFO:root:frame_13 analysis complete...
INFO:root:Moving mouse to x: 0.30488995245647427 y: -0.2167450448651907
INFO:root:analyzing frame 14 ...
INFO:root:frame_14 analysis complete...
INFO:root:Moving mouse to x: 0.33702837004617403 y: -0.23900307736932655
INFO:root:analyzing frame 15 ...
INFO:root:frame_15 analysis complete...
INFO:root:Moving mouse to x: 0.4939758371284631 y: -0.18622959318013485
INFO:root:analyzing frame 16 ...
INFO:root:frame_16 analysis complete...
INFO:root:Moving mouse to x: 0.3021116853204921 y: -0.2421042168023076
INFO:root:analyzing frame 17 ...
INFO:root:frame_17 analysis complete...
INFO:root:Moving mouse to x: 0.6659423028926483 y: 0.0385074501768217
INFO:root:analyzing frame 18 ...
INFO:root:frame_18 analysis complete...
INFO:root:Moving mouse to x: 0.6061560393699026 y: 0.01889052288482715
INFO:root:analyzing frame 19 ...
INFO:root:frame_19 analysis complete...
INFO:root:Moving mouse to x: 0.60658962426911 y: 0.024209055758257526
INFO:root:analyzing frame 20 ...
INFO:root:frame_20 analysis complete...
INFO:root:Moving mouse to x: 0.668762525618238 y: 0.08659020134704816
INFO:root:analyzing frame 21 ...
INFO:root:frame_21 analysis complete...
INFO:root:Moving mouse to x: 0.6294671419410741 y: 0.07213865424334326
INFO:root:analyzing frame 22 ...
INFO:root:frame_22 analysis complete...
INFO:root:Moving mouse to x: 0.6175328290078853 y: 0.15633820612754823
INFO:root:analyzing frame 23 ...
INFO:root:frame_23 analysis complete...
INFO:root:Moving mouse to x: 0.572635505986307 y: 0.15190791802652373
INFO:root:analyzing frame 24 ...
INFO:root:frame_24 analysis complete...
INFO:root:Moving mouse to x: 0.49529337771462256 y: 0.07757522096991304
INFO:root:analyzing frame 25 ...
INFO:root:frame_25 analysis complete...
INFO:root:Moving mouse to x: -0.02066217251745288 y: -0.13589246925995893
INFO:root:analyzing frame 26 ...
INFO:root:frame_26 analysis complete...
INFO:root:Moving mouse to x: -0.20260276560764345 y: -0.18390795848585131
INFO:root:analyzing frame 27 ...
INFO:root:frame_27 analysis complete...
INFO:root:Moving mouse to x: 0.34874939636361013 y: -0.27489793212264324
INFO:root:analyzing frame 28 ...
INFO:root:frame_28 analysis complete...
INFO:root:Moving mouse to x: 0.3659270268022752 y: -0.19206884276375455
INFO:root:analyzing frame 29 ...
INFO:root:frame_29 analysis complete...
INFO:root:Moving mouse to x: 0.34512240336238686 y: -0.21751922888169523
INFO:root:analyzing frame 30 ...
INFO:root:frame_30 analysis complete...
INFO:root:Moving mouse to x: 0.49341381639765525 y: 0.007823057529071765
INFO:root:analyzing frame 31 ...
INFO:root:frame_31 analysis complete...
INFO:root:Moving mouse to x: 0.5987872301936348 y: -0.047203993059563215
INFO:root:analyzing frame 32 ...
INFO:root:frame_32 analysis complete...
INFO:root:Moving mouse to x: 0.6693052763460428 y: 0.025119155382980984
INFO:root:analyzing frame 33 ...
INFO:root:frame_33 analysis complete...
INFO:root:Moving mouse to x: 0.6018272441259552 y: 0.16680153202967218
INFO:root:analyzing frame 34 ...
INFO:root:frame_34 analysis complete...
INFO:root:Moving mouse to x: 0.5330685447885832 y: 0.10232366750804921
INFO:root:analyzing frame 35 ...
INFO:root:frame_35 analysis complete...
INFO:root:Moving mouse to x: 0.48472460247981025 y: 0.19258822756131327
INFO:root:analyzing frame 36 ...
INFO:root:frame_36 analysis complete...
INFO:root:Moving mouse to x: 0.31886913736101785 y: 0.025508823885017497
INFO:root:analyzing frame 37 ...
INFO:root:frame_37 analysis complete...
INFO:root:Moving mouse to x: 0.6347925082925082 y: 0.1035665995274256
INFO:root:analyzing frame 38 ...
INFO:root:frame_38 analysis complete...
INFO:root:Moving mouse to x: 0.5730654531179231 y: 0.16051609628495958
INFO:root:analyzing frame 39 ...
INFO:root:frame_39 analysis complete...
INFO:root:Moving mouse to x: 0.5821148226048957 y: 0.1344270951154957
INFO:root:analyzing frame 40 ...
INFO:root:frame_40 analysis complete...
INFO:root:Moving mouse to x: 0.6230344340048165 y: 0.08820189052542785
INFO:root:analyzing frame 41 ...
INFO:root:frame_41 analysis complete...
INFO:root:Moving mouse to x: 0.5173497076858782 y: -0.1168372878660636
INFO:root:analyzing frame 42 ...
INFO:root:frame_42 analysis complete...
INFO:root:Moving mouse to x: 0.20793126495081155 y: -0.36066755882424967
INFO:root:analyzing frame 43 ...
INFO:root:frame_43 analysis complete...
INFO:root:Moving mouse to x: 0.24589831537381918 y: -0.2583849258820148
INFO:root:analyzing frame 44 ...
INFO:root:frame_44 analysis complete...
INFO:root:Moving mouse to x: 0.562538659442167 y: -0.21326526184260441
INFO:root:analyzing frame 45 ...
INFO:root:frame_45 analysis complete...
INFO:root:Moving mouse to x: 0.5578440902326546 y: -0.17792526107889978
INFO:root:analyzing frame 46 ...
INFO:root:frame_46 analysis complete...
INFO:root:Moving mouse to x: 0.5796731305998638 y: -0.13264773827003146
INFO:root:analyzing frame 47 ...
INFO:root:frame_47 analysis complete...
INFO:root:Moving mouse to x: 0.4984016644245422 y: -0.08266051864827606
INFO:root:analyzing frame 48 ...
INFO:root:frame_48 analysis complete...
INFO:root:Moving mouse to x: 0.6165512231392365 y: 0.07366999340801578
INFO:root:analyzing frame 49 ...
INFO:root:frame_49 analysis complete...
INFO:root:Moving mouse to x: 0.4437155718886913 y: 0.04333030193998012
INFO:root:analyzing frame 50 ...
INFO:root:frame_50 analysis complete...
INFO:root:Moving mouse to x: 0.27898308850536313 y: -0.20445809418180474
INFO:root:analyzing frame 51 ...
INFO:root:frame_51 analysis complete...
INFO:root:Moving mouse to x: 0.45764210704984043 y: -0.21857121211748362
INFO:root:analyzing frame 52 ...
INFO:root:frame_52 analysis complete...
INFO:root:Moving mouse to x: 0.16369260099190938 y: -0.26813417524842337
INFO:root:analyzing frame 53 ...
INFO:root:frame_53 analysis complete...
INFO:root:Moving mouse to x: 0.18808066066666135 y: -0.29307377519639993
INFO:root:analyzing frame 54 ...
INFO:root:frame_54 analysis complete...
INFO:root:Moving mouse to x: 0.08987562863400371 y: -0.2194721393443842
INFO:root:analyzing frame 55 ...
INFO:root:frame_55 analysis complete...
INFO:root:Moving mouse to x: 0.68343243967439 y: 0.012971426027006527
INFO:root:analyzing frame 56 ...
INFO:root:frame_56 analysis complete...
INFO:root:Moving mouse to x: 0.6655156911370396 y: 0.034717009616041294
INFO:root:analyzing frame 57 ...
INFO:root:frame_57 analysis complete...
INFO:root:Moving mouse to x: 0.7262484899621469 y: 0.16801383291890862
INFO:root:analyzing frame 58 ...
INFO:root:frame_58 analysis complete...
INFO:root:Moving mouse to x: 0.6688330657835702 y: 0.14816630260377903
INFO:root:analyzing frame 59 ...
INFO:root:frame_59 analysis complete...
INFO:root:Moving mouse to x: 0.6807760443982417 y: -0.009641868100871889
INFO:root:VideoStream ended...
INFO:root:............ Individual Inference times ..........
INFO:root:Face Detection:37.8ms
INFO:root:Facial Landmarks Detection:1.1ms
INFO:root:Headpose Estimation:2.6ms
INFO:root:Gaze Estimation:2.5ms
INFO:root:total frames analyzed: 59 
INFO:root:total loading time 1.6776888370513916 seconds
INFO:root:total inference time 11.7 seconds
INFO:root:fps 5.0427350427350435 frame/second
INFO:root:END.......
